# JRE version: Java(TM) SE Runtime Environment (8.0_121-b13) (build 1.8.0_121-b13)
# Java VM: Java HotSpot(TM) 64-Bit Server VM (25.121-b13 mixed mode bsd-amd64 compressed oops)
Heap:
 PSYoungGen      total 131584K, used 79112K [0x00000007aab00000, 0x00000007b6100000, 0x00000007c0000000)
  eden space 117248K, 67% used [0x00000007aab00000,0x00000007af822100,0x00000007b1d80000)
  from space 14336K, 0% used [0x00000007b1d80000,0x00000007b1da0000,0x00000007b2b80000)
  to   space 14336K, 0% used [0x00000007b5300000,0x00000007b5300000,0x00000007b6100000)
 ParOldGen       total 44032K, used 28149K [0x0000000780000000, 0x0000000782b00000, 0x00000007aab00000)
  object space 44032K, 63% used [0x0000000780000000,0x0000000781b7d600,0x0000000782b00000)
 Metaspace       used 27451K, capacity 27717K, committed 27904K, reserved 1075200K
  class space    used 2168K, capacity 2264K, committed 2304K, reserved 1048576K
GC Heap History (10 events):
Event: 15.333 GC heap before
{Heap before GC invocations=10 (full 1):
 PSYoungGen      total 70144K, used 67561K [0x00000007aab00000, 0x00000007afc80000, 0x00000007c0000000)
  eden space 57856K, 100% used [0x00000007aab00000,0x00000007ae380000,0x00000007ae380000)
  from space 12288K, 78% used [0x00000007af080000,0x00000007af9fa6c0,0x00000007afc80000)
  to   space 12800K, 0% used [0x00000007ae380000,0x00000007ae380000,0x00000007af000000)
 ParOldGen       total 44032K, used 17421K [0x0000000780000000, 0x0000000782b00000, 0x00000007aab00000)
  object space 44032K, 39% used [0x0000000780000000,0x0000000781103580,0x0000000782b00000)
 Metaspace       used 27321K, capacity 27583K, committed 27904K, reserved 1075200K
  class space    used 2159K, capacity 2263K, committed 2304K, reserved 1048576K
Event: 15.339 GC heap after
Heap after GC invocations=10 (full 1):
 PSYoungGen      total 70656K, used 10730K [0x00000007aab00000, 0x00000007b1b00000, 0x00000007c0000000)
  eden space 57856K, 0% used [0x00000007aab00000,0x00000007aab00000,0x00000007ae380000)
  from space 12800K, 83% used [0x00000007ae380000,0x00000007aedfab68,0x00000007af000000)
  to   space 14336K, 0% used [0x00000007b0d00000,0x00000007b0d00000,0x00000007b1b00000)
 ParOldGen       total 44032K, used 17824K [0x0000000780000000, 0x0000000782b00000, 0x00000007aab00000)
  object space 44032K, 40% used [0x0000000780000000,0x0000000781168230,0x0000000782b00000)
 Metaspace       used 27321K, capacity 27583K, committed 27904K, reserved 1075200K
  class space    used 2159K, capacity 2263K, committed 2304K, reserved 1048576K
}
Event: 21.153 GC heap before
{Heap before GC invocations=11 (full 1):
 PSYoungGen      total 70656K, used 68586K [0x00000007aab00000, 0x00000007b1b00000, 0x00000007c0000000)
  eden space 57856K, 100% used [0x00000007aab00000,0x00000007ae380000,0x00000007ae380000)
  from space 12800K, 83% used [0x00000007ae380000,0x00000007aedfab68,0x00000007af000000)
  to   space 14336K, 0% used [0x00000007b0d00000,0x00000007b0d00000,0x00000007b1b00000)
 ParOldGen       total 44032K, used 17824K [0x0000000780000000, 0x0000000782b00000, 0x00000007aab00000)
  object space 44032K, 40% used [0x0000000780000000,0x0000000781168230,0x0000000782b00000)
 Metaspace       used 27385K, capacity 27647K, committed 27904K, reserved 1075200K
  class space    used 2159K, capacity 2263K, committed 2304K, reserved 1048576K
Event: 21.166 GC heap after
Heap after GC invocations=11 (full 1):
 PSYoungGen      total 97280K, used 2592K [0x00000007aab00000, 0x00000007b1980000, 0x00000007c0000000)
  eden space 84480K, 0% used [0x00000007aab00000,0x00000007aab00000,0x00000007afd80000)
  from space 12800K, 20% used [0x00000007b0d00000,0x00000007b0f88090,0x00000007b1980000)
  to   space 14336K, 0% used [0x00000007afd80000,0x00000007afd80000,0x00000007b0b80000)
 ParOldGen       total 44032K, used 25596K [0x0000000780000000, 0x0000000782b00000, 0x00000007aab00000)
  object space 44032K, 58% used [0x0000000780000000,0x00000007818ff350,0x0000000782b00000)
 Metaspace       used 27385K, capacity 27647K, committed 27904K, reserved 1075200K
  class space    used 2159K, capacity 2263K, committed 2304K, reserved 1048576K
}
Event: 29.775 GC heap before
{Heap before GC invocations=12 (full 1):
 PSYoungGen      total 97280K, used 87072K [0x00000007aab00000, 0x00000007b1980000, 0x00000007c0000000)
  eden space 84480K, 100% used [0x00000007aab00000,0x00000007afd80000,0x00000007afd80000)
  from space 12800K, 20% used [0x00000007b0d00000,0x00000007b0f88090,0x00000007b1980000)
  to   space 14336K, 0% used [0x00000007afd80000,0x00000007afd80000,0x00000007b0b80000)
 ParOldGen       total 44032K, used 25596K [0x0000000780000000, 0x0000000782b00000, 0x00000007aab00000)
  object space 44032K, 58% used [0x0000000780000000,0x00000007818ff350,0x0000000782b00000)
 Metaspace       used 27388K, capacity 27647K, committed 27904K, reserved 1075200K
  class space    used 2159K, capacity 2263K, committed 2304K, reserved 1048576K
Event: 29.778 GC heap after
Heap after GC invocations=12 (full 1):
 PSYoungGen      total 98816K, used 96K [0x00000007aab00000, 0x00000007b3c80000, 0x00000007c0000000)
  eden space 84480K, 0% used [0x00000007aab00000,0x00000007aab00000,0x00000007afd80000)
  from space 14336K, 0% used [0x00000007afd80000,0x00000007afd98000,0x00000007b0b80000)
  to   space 14336K, 0% used [0x00000007b2e80000,0x00000007b2e80000,0x00000007b3c80000)
 ParOldGen       total 44032K, used 28101K [0x0000000780000000, 0x0000000782b00000, 0x00000007aab00000)
  object space 44032K, 63% used [0x0000000780000000,0x0000000781b71600,0x0000000782b00000)
 Metaspace       used 27388K, capacity 27647K, committed 27904K, reserved 1075200K
  class space    used 2159K, capacity 2263K, committed 2304K, reserved 1048576K
}
Event: 38.302 GC heap before
{Heap before GC invocations=13 (full 1):
 PSYoungGen      total 98816K, used 84576K [0x00000007aab00000, 0x00000007b3c80000, 0x00000007c0000000)
  eden space 84480K, 100% used [0x00000007aab00000,0x00000007afd80000,0x00000007afd80000)
  from space 14336K, 0% used [0x00000007afd80000,0x00000007afd98000,0x00000007b0b80000)
  to   space 14336K, 0% used [0x00000007b2e80000,0x00000007b2e80000,0x00000007b3c80000)
 ParOldGen       total 44032K, used 28101K [0x0000000780000000, 0x0000000782b00000, 0x00000007aab00000)
  object space 44032K, 63% used [0x0000000780000000,0x0000000781b71600,0x0000000782b00000)
 Metaspace       used 27390K, capacity 27647K, committed 27904K, reserved 1075200K
  class space    used 2159K, capacity 2263K, committed 2304K, reserved 1048576K
Event: 38.303 GC heap after
Heap after GC invocations=13 (full 1):
 PSYoungGen      total 128512K, used 96K [0x00000007aab00000, 0x00000007b3980000, 0x00000007c0000000)
  eden space 117248K, 0% used [0x00000007aab00000,0x00000007aab00000,0x00000007b1d80000)
  from space 11264K, 0% used [0x00000007b2e80000,0x00000007b2e98000,0x00000007b3980000)
  to   space 14336K, 0% used [0x00000007b1d80000,0x00000007b1d80000,0x00000007b2b80000)
 ParOldGen       total 44032K, used 28133K [0x0000000780000000, 0x0000000782b00000, 0x00000007aab00000)
  object space 44032K, 63% used [0x0000000780000000,0x0000000781b79600,0x0000000782b00000)
 Metaspace       used 27390K, capacity 27647K, committed 27904K, reserved 1075200K
  class space    used 2159K, capacity 2263K, committed 2304K, reserved 1048576K
}
Event: 50.288 GC heap before
{Heap before GC invocations=14 (full 1):
 PSYoungGen      total 128512K, used 117344K [0x00000007aab00000, 0x00000007b3980000, 0x00000007c0000000)
  eden space 117248K, 100% used [0x00000007aab00000,0x00000007b1d80000,0x00000007b1d80000)
  from space 11264K, 0% used [0x00000007b2e80000,0x00000007b2e98000,0x00000007b3980000)
  to   space 14336K, 0% used [0x00000007b1d80000,0x00000007b1d80000,0x00000007b2b80000)
 ParOldGen       total 44032K, used 28133K [0x0000000780000000, 0x0000000782b00000, 0x00000007aab00000)
  object space 44032K, 63% used [0x0000000780000000,0x0000000781b79600,0x0000000782b00000)
 Metaspace       used 27415K, capacity 27653K, committed 27904K, reserved 1075200K
  class space    used 2160K, capacity 2264K, committed 2304K, reserved 1048576K
Event: 50.290 GC heap after
Heap after GC invocations=14 (full 1):
 PSYoungGen      total 131584K, used 128K [0x00000007aab00000, 0x00000007b6100000, 0x00000007c0000000)
  eden space 117248K, 0% used [0x00000007aab00000,0x00000007aab00000,0x00000007b1d80000)
  from space 14336K, 0% used [0x00000007b1d80000,0x00000007b1da0000,0x00000007b2b80000)
  to   space 14336K, 0% used [0x00000007b5300000,0x00000007b5300000,0x00000007b6100000)
 ParOldGen       total 44032K, used 28149K [0x0000000780000000, 0x0000000782b00000, 0x00000007aab00000)
  object space 44032K, 63% used [0x0000000780000000,0x0000000781b7d600,0x0000000782b00000)
 Metaspace       used 27415K, capacity 27653K, committed 27904K, reserved 1075200K
  class space    used 2160K, capacity 2264K, committed 2304K, reserved 1048576K
}

